0 verbose cli C:\Program Files\nodejs\node.exe C:\Users\JUVANA\AppData\Roaming\npm\node_modules\npm\bin\npm-cli.js
1 info using npm@8.13.2
2 info using node@v16.16.0
3 timing npm:load:whichnode Completed in 0ms
4 timing config:load:defaults Completed in 1ms
5 timing config:load:file:C:\Users\JUVANA\AppData\Roaming\npm\node_modules\npm\npmrc Completed in 3ms
6 timing config:load:builtin Completed in 3ms
7 timing config:load:cli Completed in 1ms
8 timing config:load:env Completed in 0ms
9 timing config:load:file:C:\Users\Juana\Documents\Html\Ecell-WMO-project\.npmrc Completed in 0ms
10 timing config:load:project Completed in 3ms
11 timing config:load:file:C:\Users\JUVANA\.npmrc Completed in 1ms
12 timing config:load:user Completed in 1ms
13 timing config:load:file:C:\Users\JUVANA\AppData\Roaming\npm\etc\npmrc Completed in 1ms
14 timing config:load:global Completed in 1ms
15 timing config:load:validate Completed in 1ms
16 timing config:load:credentials Completed in 1ms
17 timing config:load:setEnvs Completed in 1ms
18 timing config:load Completed in 14ms
19 timing npm:load:configload Completed in 15ms
20 timing npm:load:mkdirpcache Completed in 1ms
21 timing npm:load:mkdirplogs Completed in 0ms
22 verbose title npm run start
23 verbose argv "run" "start"
24 timing npm:load:setTitle Completed in 2ms
25 timing config:load:flatten Completed in 4ms
26 timing npm:load:display Completed in 5ms
27 verbose logfile logs-max:10 dir:C:\Users\Juana\Documents\Html\Ecell-WMO-project\_logs
28 verbose logfile C:\Users\Juana\Documents\Html\Ecell-WMO-project\_logs\2022-10-05T10_18_07_465Z-debug-0.log
29 timing npm:load:logFile Completed in 601ms
30 timing npm:load:timers Completed in 0ms
31 timing npm:load:configScope Completed in 0ms
32 timing npm:load Completed in 626ms
33 silly logfile done cleaning log files
34 timing command:run Completed in 11ms
35 verbose stack Error: ENOENT: no such file or directory, open 'C:\Users\Juana\Documents\Html\Ecell-WMO-project\package.json'
36 verbose cwd C:\Users\Juana\Documents\Html\Ecell-WMO-project
37 verbose Windows_NT 10.0.22000
38 verbose node v16.16.0
39 verbose npm  v8.13.2
40 error code ENOENT
41 error syscall open
42 error path C:\Users\Juana\Documents\Html\Ecell-WMO-project/package.json
43 error errno -4058
44 error enoent ENOENT: no such file or directory, open 'C:\Users\Juana\Documents\Html\Ecell-WMO-project\package.json'
45 error enoent This is related to npm not being able to find a file.
45 error enoent
46 verbose exit -4058
47 timing npm Completed in 667ms
48 verbose code -4058
49 error A complete log of this run can be found in:
49 error     C:\Users\Juana\Documents\Html\Ecell-WMO-project\_logs\2022-10-05T10_18_07_465Z-debug-0.log
